C:\CI4510\GTEC2DLIB\DEBUG\FONT.OBJ
C:\CI4510\GTEC2DLIB\DEBUG\GAME.OBJ
C:\CI4510\GTEC2DLIB\DEBUG\GAMEAPP.OBJ
C:\CI4510\GTEC2DLIB\DEBUG\GTEC2D.LIB
C:\CI4510\GTEC2DLIB\DEBUG\SOUND.OBJ
C:\CI4510\GTEC2DLIB\DEBUG\SPRITE.OBJ
C:\CI4510\GTEC2DLIB\DEBUG\SPRITELIST.OBJ
C:\CI4510\GTEC2DLIB\DEBUG\TEXTURE.OBJ
C:\CI4510\GTEC2DLIB\DEBUG\VC100.PDB
C:\CI4510\GTED2D\GTEC2Dlib\Debug\cl.command.1.tlog
C:\CI4510\GTED2D\GTEC2Dlib\Debug\CL.read.1.tlog
C:\CI4510\GTED2D\GTEC2Dlib\Debug\CL.write.1.tlog
C:\CI4510\GTED2D\GTEC2Dlib\Debug\Font.obj
C:\CI4510\GTED2D\GTEC2Dlib\Debug\Game.obj
C:\CI4510\GTED2D\GTEC2Dlib\Debug\GameApp.obj
C:\CI4510\GTED2D\GTEC2Dlib\Debug\GTEC2D.lib
C:\CI4510\GTED2D\GTEC2Dlib\Debug\lib.command.1.tlog
C:\CI4510\GTED2D\GTEC2Dlib\Debug\Lib-link.read.1.tlog
C:\CI4510\GTED2D\GTEC2Dlib\Debug\Lib-link.write.1.tlog
C:\CI4510\GTED2D\GTEC2Dlib\Debug\Sound.obj
C:\CI4510\GTED2D\GTEC2Dlib\Debug\Sprite.obj
C:\CI4510\GTED2D\GTEC2Dlib\Debug\SpriteList.obj
C:\CI4510\GTED2D\GTEC2Dlib\Debug\Texture.obj
C:\CI4510\GTED2D\GTEC2Dlib\Debug\vc100.idb
C:\CI4510\GTED2D\GTEC2Dlib\Debug\vc100.pdb
