Build started 26/11/2013 09:24:26.
     1>Project "C:\CI4510\GTED2D\GTEC2Dlib\GTEC2D.vcxproj" on node 2 (build target(s)).
     1>InitializeBuildStatus:
         Creating "Debug\GTEC2D.unsuccessfulbuild" because "AlwaysCreate" was specified.
       ClCompile:
         C:\Program Files (x86)\Microsoft Visual Studio 10.0\VC\bin\CL.exe /c /Iinclude /ISDL/include /ZI /nologo /W3 /WX- /Od /Oy- /D WIN32 /D _DEBUG /D _LIB /D _UNICODE /D UNICODE /Gm /EHsc /RTC1 /MDd /GS /fp:precise /Zc:wchar_t /Zc:forScope /Fo"Debug\\" /Fd"Debug\vc100.pdb" /Gd /TP /analyze- /errorReport:prompt source\Font.cpp source\Game.cpp source\GameApp.cpp source\Sound.cpp source\Sprite.cpp source\SpriteList.cpp source\Texture.cpp
         Texture.cpp
     1>c:\ci4510\gted2d\gtec2dlib\source\texture.cpp(119): warning C4996: 'fopen': This function or variable may be unsafe. Consider using fopen_s instead. To disable deprecation, use _CRT_SECURE_NO_WARNINGS. See online help for details.
                 c:\program files (x86)\microsoft visual studio 10.0\vc\include\stdio.h(234) : see declaration of 'fopen'
         SpriteList.cpp
         Sprite.cpp
         Sound.cpp
         GameApp.cpp
         Game.cpp
         Font.cpp
     1>c:\ci4510\gted2d\gtec2dlib\source\font.cpp(146): warning C4996: 'fopen': This function or variable may be unsafe. Consider using fopen_s instead. To disable deprecation, use _CRT_SECURE_NO_WARNINGS. See online help for details.
                 c:\program files (x86)\microsoft visual studio 10.0\vc\include\stdio.h(234) : see declaration of 'fopen'
         Generating Code...
       Lib:
         C:\Program Files (x86)\Microsoft Visual Studio 10.0\VC\bin\Lib.exe /OUT:"C:\CI4510\GTED2D\GTEC2Dlib\Debug\GTEC2D.lib" opengl32.lib glu32.lib SDL.lib SDLmain.lib SDL_mixer.lib /LIBPATH:SDL/lib /NOLOGO Debug\Font.obj
         Debug\Game.obj
         Debug\GameApp.obj
         Debug\Sound.obj
         Debug\Sprite.obj
         Debug\SpriteList.obj
         Debug\Texture.obj
     1>glu32.lib(GLU32.dll) : warning LNK4006: __NULL_IMPORT_DESCRIPTOR already defined in opengl32.lib(OPENGL32.dll); second definition ignored
     1>glu32.lib(GLU32.dll) : warning LNK4221: This object file does not define any previously undefined public symbols, so it will not be used by any link operation that consumes this library
     1>SDL.lib(SDL.dll) : warning LNK4006: __NULL_IMPORT_DESCRIPTOR already defined in opengl32.lib(OPENGL32.dll); second definition ignored
     1>SDL.lib(SDL.dll) : warning LNK4221: This object file does not define any previously undefined public symbols, so it will not be used by any link operation that consumes this library
     1>SDL_mixer.lib(SDL_mixer.dll) : warning LNK4006: __NULL_IMPORT_DESCRIPTOR already defined in opengl32.lib(OPENGL32.dll); second definition ignored
     1>SDL_mixer.lib(SDL_mixer.dll) : warning LNK4221: This object file does not define any previously undefined public symbols, so it will not be used by any link operation that consumes this library
         GTEC2D.vcxproj -> C:\CI4510\GTED2D\GTEC2Dlib\Debug\GTEC2D.lib
       PostBuildEvent:
         copy "C:\CI4510\GTED2D\GTEC2Dlib\Debug\*.lib" "C:\CI4510\GTED2D\GTEC2Dlib\lib\"
         :VCEnd
         C:\CI4510\GTED2D\GTEC2Dlib\Debug\GTEC2D.lib
                 1 file(s) copied.
       FinalizeBuildStatus:
         Deleting file "Debug\GTEC2D.unsuccessfulbuild".
         Touching "Debug\GTEC2D.lastbuildstate".
     1>Done Building Project "C:\CI4510\GTED2D\GTEC2Dlib\GTEC2D.vcxproj" (build target(s)).

Build succeeded.

Time Elapsed 00:00:17.03
